2025-06-11 11:54:38 error: Database sync failed
2025-06-11 11:54:59 info: f0f373a2-c11e-40f9-9e01-ff6af8b586e1
2025-06-11 11:54:59 info: [object Object]
2025-06-11 11:55:19 info: Test database connection closed
2025-06-11 12:03:47 error: Database sync failed
2025-06-11 12:04:24 info: Test database connection closed
2025-06-11 13:48:19 error: Database sync failed
2025-06-11 13:48:56 info: Test database connection closed
2025-06-11 14:33:14 error: Database sync failed
2025-06-11 14:33:22 error: Registration failed
2025-06-11 14:33:26 error: Registration failed
2025-06-11 14:33:31 error: Registration failed
2025-06-11 14:33:36 error: Registration failed
2025-06-11 14:33:39 error: Forgot password failed
2025-06-11 14:33:43 error: Registration failed
2025-06-11 14:33:46 error: Forgot password failed
2025-06-11 14:33:49 info: Test database connection closed
2025-06-11 14:42:39 error: Database sync failed
2025-06-11 14:42:44 error: Registration failed
2025-06-11 14:42:49 error: Registration failed
2025-06-11 14:42:53 error: Registration failed
2025-06-11 14:42:58 error: Registration failed
2025-06-11 14:43:00 error: Forgot password failed
2025-06-11 14:43:04 error: Registration failed
2025-06-11 14:43:06 error: Forgot password failed
2025-06-11 14:43:09 info: Test database connection closed
