2025-06-10 11:11:46 info: Database synced successfully
2025-06-10 11:11:46 info: Cron jobs initialized
2025-06-10 11:11:46 info: Database synced successfully
2025-06-10 11:15:08 info: Database synced successfully
2025-06-10 11:15:08 info: Cron jobs initialized
2025-06-10 11:15:08 info: Database synced successfully
2025-06-10 11:15:18 info: Database synced successfully
2025-06-10 11:15:18 info: Cron jobs initialized
2025-06-10 11:15:18 info: Database synced successfully
2025-06-10 11:19:49 info: Database synced successfully
2025-06-10 11:19:49 info: Cron jobs initialized
2025-06-10 11:19:49 info: Database synced successfully
2025-06-10 11:21:44 info: Database synced successfully
2025-06-10 11:21:44 info: Cron jobs initialized
2025-06-10 11:21:44 info: Database synced successfully
2025-06-10 11:30:22 info: Database synced successfully
2025-06-10 11:30:22 info: Cron jobs initialized
2025-06-10 11:30:22 info: Database synced successfully
2025-06-10 11:30:48 info: Database synced successfully
2025-06-10 11:30:48 info: Cron jobs initialized
2025-06-10 11:30:48 info: Database synced successfully
2025-06-10 11:33:13 info: Database synced successfully
2025-06-10 11:33:13 info: Cron jobs initialized
2025-06-10 11:33:13 info: Database synced successfully
2025-06-10 11:34:40 info: Database synced successfully
2025-06-10 11:34:40 info: Cron jobs initialized
2025-06-10 11:34:40 info: Database synced successfully
2025-06-10 11:49:13 info: Database synced successfully
2025-06-10 11:49:13 info: Cron jobs initialized
2025-06-10 11:49:13 info: Database synced successfully
2025-06-10 11:50:05 info: Database synced successfully
2025-06-10 11:50:05 info: Cron jobs initialized
2025-06-10 11:50:05 info: Database synced successfully
2025-06-10 11:54:15 info: Server running on port 5000
2025-06-10 11:54:15 info: Database synced successfully
2025-06-10 11:54:15 info: Cron jobs initialized
2025-06-10 11:54:15 info: Database synced successfully
2025-06-10 12:00:00 info: Running expired password reset tokens cleanup
2025-06-10 12:00:00 info: Cleaned up 0 expired password reset table
2025-06-10 13:00:00 info: Running expired password reset tokens cleanup
2025-06-10 13:00:00 info: Cleaned up 0 expired password reset table
2025-06-10 13:04:02 info: Server running on port 5000
2025-06-10 13:04:03 info: Cron jobs initialized
2025-06-10 13:04:03 info: Database synced successfully
2025-06-10 13:05:32 info: Server running on port 5000
2025-06-10 13:05:32 info: Cron jobs initialized
2025-06-10 13:05:32 info: Database synced successfully
2025-06-10 13:06:04 info: Server running on port 5000
2025-06-10 13:06:04 info: Cron jobs initialized
2025-06-10 13:06:04 info: Database synced successfully
2025-06-10 13:07:48 info: Server running on port 5000
2025-06-10 13:07:48 info: Cron jobs initialized
2025-06-10 13:07:48 info: Database synced successfully
2025-06-10 13:08:04 info: Server running on port 5000
2025-06-10 13:08:04 info: Cron jobs initialized
2025-06-10 13:08:04 info: Database synced successfully
2025-06-10 13:15:49 info: Server running on port 5000
2025-06-10 13:15:50 info: Cron jobs initialized
2025-06-10 13:15:50 info: Database synced successfully
2025-06-10 13:23:12 info: Server running on port 5000
2025-06-10 13:23:12 info: Cron jobs initialized
2025-06-10 13:23:12 info: Database synced successfully
2025-06-10 13:26:05 info: Server running on port 5000
2025-06-10 13:26:06 info: Cron jobs initialized
2025-06-10 13:26:06 info: Database synced successfully
2025-06-10 13:27:05 info: Server running on port 5000
2025-06-10 13:27:05 info: Cron jobs initialized
2025-06-10 13:27:05 info: Database synced successfully
2025-06-10 13:27:42 info: Server running on port 5000
2025-06-10 13:27:43 info: Cron jobs initialized
2025-06-10 13:27:43 info: Database synced successfully
2025-06-10 13:28:27 info: Server running on port 5000
2025-06-10 13:28:28 info: Cron jobs initialized
2025-06-10 13:28:28 info: Database synced successfully
2025-06-10 13:29:02 info: Server running on port 5000
2025-06-10 13:29:02 info: Cron jobs initialized
2025-06-10 13:29:02 info: Database synced successfully
2025-06-10 13:29:27 info: Server running on port 5000
2025-06-10 13:29:27 info: Cron jobs initialized
2025-06-10 13:29:27 info: Database synced successfully
2025-06-10 13:30:26 info: Server running on port 5000
2025-06-10 13:30:26 info: Cron jobs initialized
2025-06-10 13:30:26 info: Database synced successfully
2025-06-10 13:30:43 info: Server running on port 5000
2025-06-10 13:30:43 info: Cron jobs initialized
2025-06-10 13:30:44 info: Database synced successfully
2025-06-10 13:31:20 info: Server running on port 5000
2025-06-10 13:31:20 info: Cron jobs initialized
2025-06-10 13:31:20 info: Database synced successfully
2025-06-10 13:32:54 info: Server running on port 5000
2025-06-10 13:32:54 info: Cron jobs initialized
2025-06-10 13:32:54 info: Database synced successfully
2025-06-10 13:48:24 info: Server running on port 5000
2025-06-10 13:48:24 info: Cron jobs initialized
2025-06-10 13:48:24 info: Database synced successfully
2025-06-10 14:00:00 info: Running expired password reset tokens cleanup
2025-06-10 14:00:00 info: Cleaned up 0 expired password reset table
2025-06-10 15:33:43 error: Error: 
    at Query.run (C:\xampp\htdocs\uandcwheelsmobile\api\node_modules\sequelize\src\dialects\mysql\query.js:46:25)
    at C:\xampp\htdocs\uandcwheelsmobile\api\node_modules\sequelize\src\sequelize.js:650:28
    at processTicksAndRejections (node:internal/process/task_queues:95:5)
    at MySQLQueryInterface.dropTable (C:\xampp\htdocs\uandcwheelsmobile\api\node_modules\sequelize\src\dialects\abstract\query-interface.js:265:5)
    at Function.drop (C:\xampp\htdocs\uandcwheelsmobile\api\node_modules\sequelize\src\model.js:1448:12)
    at Sequelize.drop (C:\xampp\htdocs\uandcwheelsmobile\api\node_modules\sequelize\src\sequelize.js:927:9)
    at Sequelize.sync (C:\xampp\htdocs\uandcwheelsmobile\api\node_modules\sequelize\src\sequelize.js:807:7)
    at Object.<anonymous> (C:\xampp\htdocs\uandcwheelsmobile\api\src\test\setup.ts:6:4)
2025-06-10 15:33:43 error: Database sync failed
2025-06-10 15:33:44 info: Test database connection closed
2025-06-10 15:47:43 error: Database sync failed
2025-06-10 15:47:58 info: Test database connection closed
2025-06-10 16:00:35 error: Database sync failed
2025-06-10 16:00:47 info: Test database connection closed
2025-06-10 16:02:12 error: Database sync failed
2025-06-10 16:02:24 info: Test database connection closed
2025-06-10 17:00:23 error: Database sync failed
2025-06-10 17:00:50 info: Test database connection closed
2025-06-10 17:08:03 error: Database sync failed
2025-06-10 17:08:15 info: Test database connection closed
2025-06-10 17:19:00 error: Database sync failed
2025-06-10 17:19:12 info: Test database connection closed
